UF3:Executing query: select max(fiscalyear) from fact_data
UF4:select max(fiscalyear) from fact_data
UF3:Executing query: select max(batch) from (select batch from fact_data union all select batch from fact_data_stage union all select batch from fact_data_stage_est) t1
UF4:select max(batch) from (select batch from fact_data union all select batch from fact_data_stage union all select batch from fact_data_stage_est) t1
UF3:Executing query: select * from company where groups like '%sandp%'
UF4:select * from company where groups like '%sandp%'
UF3:Executing query: select count(*) from view_fact_data where data_set='table_yahoo_y_eps_est_body' AND ticker='GE' AND fiscalyear=2010
UF4:select count(*) from view_fact_data where data_set='table_yahoo_y_eps_est_body' AND ticker='GE' AND fiscalyear=2010
UF3:Executing query: select * from view_fact_data where data_set='table_yahoo_y_eps_est_body' AND ticker='GE' AND fiscalyear=2010
UF4:select * from view_fact_data where data_set='table_yahoo_y_eps_est_body' AND ticker='GE' AND fiscalyear=2010
UF3:Executing query: select count(*) from eps_est where ticker='GE' AND fiscalyear=2010
UF4:select count(*) from eps_est where ticker='GE' AND fiscalyear=2010
UF3:Executing query: select * from eps_est where ticker='GE' AND fiscalyear=2010
UF4:select * from eps_est where ticker='GE' AND fiscalyear=2010
UF3:Executing query: select count(*) from view_fact_data where data_set='table_yahoo_y_eps_est_body' AND ticker='DD' AND fiscalyear=2010
UF4:select count(*) from view_fact_data where data_set='table_yahoo_y_eps_est_body' AND ticker='DD' AND fiscalyear=2010
UF3:Executing query: select * from view_fact_data where data_set='table_yahoo_y_eps_est_body' AND ticker='DD' AND fiscalyear=2010
UF4:select * from view_fact_data where data_set='table_yahoo_y_eps_est_body' AND ticker='DD' AND fiscalyear=2010
UF3:Executing query: select count(*) from eps_est where ticker='DD' AND fiscalyear=2010
UF4:select count(*) from eps_est where ticker='DD' AND fiscalyear=2010
UF3:Executing query: select * from eps_est where ticker='DD' AND fiscalyear=2010
UF4:select * from eps_est where ticker='DD' AND fiscalyear=2010
UF3:Executing query: select count(*) from view_fact_data where data_set='table_yahoo_y_eps_est_body' AND ticker='JPM' AND fiscalyear=2010
UF4:select count(*) from view_fact_data where data_set='table_yahoo_y_eps_est_body' AND ticker='JPM' AND fiscalyear=2010
UF3:Executing query: select * from view_fact_data where data_set='table_yahoo_y_eps_est_body' AND ticker='JPM' AND fiscalyear=2010
UF4:select * from view_fact_data where data_set='table_yahoo_y_eps_est_body' AND ticker='JPM' AND fiscalyear=2010
UF3:Executing query: select count(*) from eps_est where ticker='JPM' AND fiscalyear=2010
UF4:select count(*) from eps_est where ticker='JPM' AND fiscalyear=2010
UF3:Executing query: select * from eps_est where ticker='JPM' AND fiscalyear=2010
UF4:select * from eps_est where ticker='JPM' AND fiscalyear=2010
UF3:Executing query: select count(*) from view_fact_data where data_set='table_yahoo_y_eps_est_body' AND ticker='IBM' AND fiscalyear=2010
UF4:select count(*) from view_fact_data where data_set='table_yahoo_y_eps_est_body' AND ticker='IBM' AND fiscalyear=2010
UF3:Executing query: select * from view_fact_data where data_set='table_yahoo_y_eps_est_body' AND ticker='IBM' AND fiscalyear=2010
UF4:select * from view_fact_data where data_set='table_yahoo_y_eps_est_body' AND ticker='IBM' AND fiscalyear=2010
UF3:Executing query: select count(*) from eps_est where ticker='IBM' AND fiscalyear=2010
UF4:select count(*) from eps_est where ticker='IBM' AND fiscalyear=2010
UF3:Executing query: select * from eps_est where ticker='IBM' AND fiscalyear=2010
UF4:select * from eps_est where ticker='IBM' AND fiscalyear=2010
UF3:Executing query: select count(*) from view_fact_data where data_set='table_yahoo_y_eps_est_body' AND ticker='MCD' AND fiscalyear=2010
UF4:select count(*) from view_fact_data where data_set='table_yahoo_y_eps_est_body' AND ticker='MCD' AND fiscalyear=2010
UF3:Executing query: select * from view_fact_data where data_set='table_yahoo_y_eps_est_body' AND ticker='MCD' AND fiscalyear=2010
UF4:select * from view_fact_data where data_set='table_yahoo_y_eps_est_body' AND ticker='MCD' AND fiscalyear=2010
UF3:Executing query: select count(*) from eps_est where ticker='MCD' AND fiscalyear=2010
UF4:select count(*) from eps_est where ticker='MCD' AND fiscalyear=2010
UF3:Executing query: select * from eps_est where ticker='MCD' AND fiscalyear=2010
UF4:select * from eps_est where ticker='MCD' AND fiscalyear=2010
UF3:Executing query: select count(*) from view_fact_data where data_set='table_yahoo_y_eps_est_body' AND ticker='BAC' AND fiscalyear=2010
UF4:select count(*) from view_fact_data where data_set='table_yahoo_y_eps_est_body' AND ticker='BAC' AND fiscalyear=2010
UF3:Executing query: select * from view_fact_data where data_set='table_yahoo_y_eps_est_body' AND ticker='BAC' AND fiscalyear=2010
UF4:select * from view_fact_data where data_set='table_yahoo_y_eps_est_body' AND ticker='BAC' AND fiscalyear=2010
UF3:Executing query: select count(*) from eps_est where ticker='BAC' AND fiscalyear=2010
UF4:select count(*) from eps_est where ticker='BAC' AND fiscalyear=2010
UF3:Executing query: select * from eps_est where ticker='BAC' AND fiscalyear=2010
UF4:select * from eps_est where ticker='BAC' AND fiscalyear=2010
UF3:Executing query: select count(*) from view_fact_data where data_set='table_yahoo_y_eps_est_body' AND ticker='BA' AND fiscalyear=2010
UF4:select count(*) from view_fact_data where data_set='table_yahoo_y_eps_est_body' AND ticker='BA' AND fiscalyear=2010
UF3:Executing query: select * from view_fact_data where data_set='table_yahoo_y_eps_est_body' AND ticker='BA' AND fiscalyear=2010
UF4:select * from view_fact_data where data_set='table_yahoo_y_eps_est_body' AND ticker='BA' AND fiscalyear=2010
UF3:Executing query: select count(*) from eps_est where ticker='BA' AND fiscalyear=2010
UF4:select count(*) from eps_est where ticker='BA' AND fiscalyear=2010
UF3:Executing query: select * from eps_est where ticker='BA' AND fiscalyear=2010
UF4:select * from eps_est where ticker='BA' AND fiscalyear=2010
UF3:Executing query: select count(*) from view_fact_data where data_set='table_yahoo_y_eps_est_body' AND ticker='DIS' AND fiscalyear=2010
UF4:select count(*) from view_fact_data where data_set='table_yahoo_y_eps_est_body' AND ticker='DIS' AND fiscalyear=2010
UF3:Executing query: select * from view_fact_data where data_set='table_yahoo_y_eps_est_body' AND ticker='DIS' AND fiscalyear=2010
UF4:select * from view_fact_data where data_set='table_yahoo_y_eps_est_body' AND ticker='DIS' AND fiscalyear=2010
UF3:Executing query: select count(*) from eps_est where ticker='DIS' AND fiscalyear=2010
UF4:select count(*) from eps_est where ticker='DIS' AND fiscalyear=2010
UF3:Executing query: select * from eps_est where ticker='DIS' AND fiscalyear=2010
UF4:select * from eps_est where ticker='DIS' AND fiscalyear=2010
UF3:Executing query: select count(*) from view_fact_data where data_set='table_yahoo_y_eps_est_body' AND ticker='CAT' AND fiscalyear=2010
UF4:select count(*) from view_fact_data where data_set='table_yahoo_y_eps_est_body' AND ticker='CAT' AND fiscalyear=2010
UF3:Executing query: select * from view_fact_data where data_set='table_yahoo_y_eps_est_body' AND ticker='CAT' AND fiscalyear=2010
UF4:select * from view_fact_data where data_set='table_yahoo_y_eps_est_body' AND ticker='CAT' AND fiscalyear=2010
UF3:Executing query: select count(*) from eps_est where ticker='CAT' AND fiscalyear=2010
UF4:select count(*) from eps_est where ticker='CAT' AND fiscalyear=2010
UF3:Executing query: select * from eps_est where ticker='CAT' AND fiscalyear=2010
UF4:select * from eps_est where ticker='CAT' AND fiscalyear=2010
UF3:Executing query: select count(*) from view_fact_data where data_set='table_yahoo_y_eps_est_body' AND ticker='MRK' AND fiscalyear=2010
UF4:select count(*) from view_fact_data where data_set='table_yahoo_y_eps_est_body' AND ticker='MRK' AND fiscalyear=2010
UF3:Executing query: select * from view_fact_data where data_set='table_yahoo_y_eps_est_body' AND ticker='MRK' AND fiscalyear=2010
UF4:select * from view_fact_data where data_set='table_yahoo_y_eps_est_body' AND ticker='MRK' AND fiscalyear=2010
UF3:Executing query: select count(*) from eps_est where ticker='MRK' AND fiscalyear=2010
UF4:select count(*) from eps_est where ticker='MRK' AND fiscalyear=2010
UF3:Executing query: select * from eps_est where ticker='MRK' AND fiscalyear=2010
UF4:select * from eps_est where ticker='MRK' AND fiscalyear=2010
UF3:Executing query: select count(*) from view_fact_data where data_set='table_yahoo_y_eps_est_body' AND ticker='INTC' AND fiscalyear=2010
UF4:select count(*) from view_fact_data where data_set='table_yahoo_y_eps_est_body' AND ticker='INTC' AND fiscalyear=2010
UF3:Executing query: select * from view_fact_data where data_set='table_yahoo_y_eps_est_body' AND ticker='INTC' AND fiscalyear=2010
UF4:select * from view_fact_data where data_set='table_yahoo_y_eps_est_body' AND ticker='INTC' AND fiscalyear=2010
UF3:Executing query: select count(*) from eps_est where ticker='INTC' AND fiscalyear=2010
UF4:select count(*) from eps_est where ticker='INTC' AND fiscalyear=2010
UF3:Executing query: select * from eps_est where ticker='INTC' AND fiscalyear=2010
UF4:select * from eps_est where ticker='INTC' AND fiscalyear=2010
UF3:Executing query: select count(*) from view_fact_data where data_set='table_yahoo_y_eps_est_body' AND ticker='CSCO' AND fiscalyear=2010
UF4:select count(*) from view_fact_data where data_set='table_yahoo_y_eps_est_body' AND ticker='CSCO' AND fiscalyear=2010
UF3:Executing query: select count(*) from view_fact_data where data_set='table_yahoo_y_eps_est_body' AND ticker='MSFT' AND fiscalyear=2010
UF4:select count(*) from view_fact_data where data_set='table_yahoo_y_eps_est_body' AND ticker='MSFT' AND fiscalyear=2010
UF3:Executing query: select count(*) from view_fact_data where data_set='table_yahoo_y_eps_est_body' AND ticker='VZ' AND fiscalyear=2010
UF4:select count(*) from view_fact_data where data_set='table_yahoo_y_eps_est_body' AND ticker='VZ' AND fiscalyear=2010
UF3:Executing query: select * from view_fact_data where data_set='table_yahoo_y_eps_est_body' AND ticker='VZ' AND fiscalyear=2010
UF4:select * from view_fact_data where data_set='table_yahoo_y_eps_est_body' AND ticker='VZ' AND fiscalyear=2010
UF3:Executing query: select count(*) from eps_est where ticker='VZ' AND fiscalyear=2010
UF4:select count(*) from eps_est where ticker='VZ' AND fiscalyear=2010
UF3:Executing query: select * from eps_est where ticker='VZ' AND fiscalyear=2010
UF4:select * from eps_est where ticker='VZ' AND fiscalyear=2010
UF3:Executing query: select count(*) from view_fact_data where data_set='table_yahoo_y_eps_est_body' AND ticker='T' AND fiscalyear=2010
UF4:select count(*) from view_fact_data where data_set='table_yahoo_y_eps_est_body' AND ticker='T' AND fiscalyear=2010
UF3:Executing query: select * from view_fact_data where data_set='table_yahoo_y_eps_est_body' AND ticker='T' AND fiscalyear=2010
UF4:select * from view_fact_data where data_set='table_yahoo_y_eps_est_body' AND ticker='T' AND fiscalyear=2010
UF3:Executing query: select count(*) from eps_est where ticker='T' AND fiscalyear=2010
UF4:select count(*) from eps_est where ticker='T' AND fiscalyear=2010
UF3:Executing query: select * from eps_est where ticker='T' AND fiscalyear=2010
UF4:select * from eps_est where ticker='T' AND fiscalyear=2010
UF3:Executing query: select begin_fiscal_calendar from company where ticker='T'
UF4:select begin_fiscal_calendar from company where ticker='T'
UF1:Executing SQL: insert into fact_data_stage_est (value,ticker,data_set,fiscalquarter,fiscalyear,batch,date_collected,data_group,calquarter,calyear) values(0.597,'T','calc_yahoo_q_eps_est',1,2010,665,NOW(),'eps_est',1,2010)
UF2:insert into fact_data_stage_est (value,ticker,data_set,fiscalquarter,fiscalyear,batch,date_collected,data_group,calquarter,calyear) values(0.597,'T','calc_yahoo_q_eps_est',1,2010,665,NOW(),'eps_est',1,2010)
UF3:Executing query: select begin_fiscal_calendar from company where ticker='T'
UF4:select begin_fiscal_calendar from company where ticker='T'
UF1:Executing SQL: insert into fact_data_stage_est (value,ticker,data_set,fiscalquarter,fiscalyear,batch,date_collected,data_group,calquarter,calyear) values(0.597,'T','calc_yahoo_q_eps_est',2,2010,665,NOW(),'eps_est',2,2010)
UF2:insert into fact_data_stage_est (value,ticker,data_set,fiscalquarter,fiscalyear,batch,date_collected,data_group,calquarter,calyear) values(0.597,'T','calc_yahoo_q_eps_est',2,2010,665,NOW(),'eps_est',2,2010)
UF3:Executing query: select begin_fiscal_calendar from company where ticker='T'
UF4:select begin_fiscal_calendar from company where ticker='T'
UF3:Executing query: select begin_fiscal_calendar from company where ticker='T'
UF4:select begin_fiscal_calendar from company where ticker='T'
UF3:Executing query: select count(*) from view_fact_data where data_set='table_yahoo_y_eps_est_body' AND ticker='UTX' AND fiscalyear=2010
UF4:select count(*) from view_fact_data where data_set='table_yahoo_y_eps_est_body' AND ticker='UTX' AND fiscalyear=2010
UF3:Executing query: select * from view_fact_data where data_set='table_yahoo_y_eps_est_body' AND ticker='UTX' AND fiscalyear=2010
UF4:select * from view_fact_data where data_set='table_yahoo_y_eps_est_body' AND ticker='UTX' AND fiscalyear=2010
UF3:Executing query: select count(*) from eps_est where ticker='UTX' AND fiscalyear=2010
UF4:select count(*) from eps_est where ticker='UTX' AND fiscalyear=2010
UF3:Executing query: select * from eps_est where ticker='UTX' AND fiscalyear=2010
UF4:select * from eps_est where ticker='UTX' AND fiscalyear=2010
UF3:Executing query: select count(*) from view_fact_data where data_set='table_yahoo_y_eps_est_body' AND ticker='XOM' AND fiscalyear=2010
UF4:select count(*) from view_fact_data where data_set='table_yahoo_y_eps_est_body' AND ticker='XOM' AND fiscalyear=2010
UF3:Executing query: select * from view_fact_data where data_set='table_yahoo_y_eps_est_body' AND ticker='XOM' AND fiscalyear=2010
UF4:select * from view_fact_data where data_set='table_yahoo_y_eps_est_body' AND ticker='XOM' AND fiscalyear=2010
UF3:Executing query: select count(*) from eps_est where ticker='XOM' AND fiscalyear=2010
UF4:select count(*) from eps_est where ticker='XOM' AND fiscalyear=2010
UF3:Executing query: select * from eps_est where ticker='XOM' AND fiscalyear=2010
UF4:select * from eps_est where ticker='XOM' AND fiscalyear=2010
UF3:Executing query: select count(*) from view_fact_data where data_set='table_yahoo_y_eps_est_body' AND ticker='CVX' AND fiscalyear=2010
UF4:select count(*) from view_fact_data where data_set='table_yahoo_y_eps_est_body' AND ticker='CVX' AND fiscalyear=2010
UF3:Executing query: select * from view_fact_data where data_set='table_yahoo_y_eps_est_body' AND ticker='CVX' AND fiscalyear=2010
UF4:select * from view_fact_data where data_set='table_yahoo_y_eps_est_body' AND ticker='CVX' AND fiscalyear=2010
UF3:Executing query: select count(*) from eps_est where ticker='CVX' AND fiscalyear=2010
UF4:select count(*) from eps_est where ticker='CVX' AND fiscalyear=2010
UF3:Executing query: select * from eps_est where ticker='CVX' AND fiscalyear=2010
UF4:select * from eps_est where ticker='CVX' AND fiscalyear=2010
UF3:Executing query: select count(*) from view_fact_data where data_set='table_yahoo_y_eps_est_body' AND ticker='PG' AND fiscalyear=2010
UF4:select count(*) from view_fact_data where data_set='table_yahoo_y_eps_est_body' AND ticker='PG' AND fiscalyear=2010
UF3:Executing query: select count(*) from view_fact_data where data_set='table_yahoo_y_eps_est_body' AND ticker='WMT' AND fiscalyear=2010
UF4:select count(*) from view_fact_data where data_set='table_yahoo_y_eps_est_body' AND ticker='WMT' AND fiscalyear=2010
UF3:Executing query: select count(*) from view_fact_data where data_set='table_yahoo_y_eps_est_body' AND ticker='KO' AND fiscalyear=2010
UF4:select count(*) from view_fact_data where data_set='table_yahoo_y_eps_est_body' AND ticker='KO' AND fiscalyear=2010
UF3:Executing query: select * from view_fact_data where data_set='table_yahoo_y_eps_est_body' AND ticker='KO' AND fiscalyear=2010
UF4:select * from view_fact_data where data_set='table_yahoo_y_eps_est_body' AND ticker='KO' AND fiscalyear=2010
UF3:Executing query: select count(*) from eps_est where ticker='KO' AND fiscalyear=2010
UF4:select count(*) from eps_est where ticker='KO' AND fiscalyear=2010
UF3:Executing query: select * from eps_est where ticker='KO' AND fiscalyear=2010
UF4:select * from eps_est where ticker='KO' AND fiscalyear=2010
UF3:Executing query: select count(*) from view_fact_data where data_set='table_yahoo_y_eps_est_body' AND ticker='TRV' AND fiscalyear=2010
UF4:select count(*) from view_fact_data where data_set='table_yahoo_y_eps_est_body' AND ticker='TRV' AND fiscalyear=2010
UF3:Executing query: select * from view_fact_data where data_set='table_yahoo_y_eps_est_body' AND ticker='TRV' AND fiscalyear=2010
UF4:select * from view_fact_data where data_set='table_yahoo_y_eps_est_body' AND ticker='TRV' AND fiscalyear=2010
UF3:Executing query: select count(*) from eps_est where ticker='TRV' AND fiscalyear=2010
UF4:select count(*) from eps_est where ticker='TRV' AND fiscalyear=2010
UF3:Executing query: select * from eps_est where ticker='TRV' AND fiscalyear=2010
UF4:select * from eps_est where ticker='TRV' AND fiscalyear=2010
UF3:Executing query: select count(*) from view_fact_data where data_set='table_yahoo_y_eps_est_body' AND ticker='AA' AND fiscalyear=2010
UF4:select count(*) from view_fact_data where data_set='table_yahoo_y_eps_est_body' AND ticker='AA' AND fiscalyear=2010
UF3:Executing query: select * from view_fact_data where data_set='table_yahoo_y_eps_est_body' AND ticker='AA' AND fiscalyear=2010
UF4:select * from view_fact_data where data_set='table_yahoo_y_eps_est_body' AND ticker='AA' AND fiscalyear=2010
UF3:Executing query: select count(*) from eps_est where ticker='AA' AND fiscalyear=2010
UF4:select count(*) from eps_est where ticker='AA' AND fiscalyear=2010
UF3:Executing query: select * from eps_est where ticker='AA' AND fiscalyear=2010
UF4:select * from eps_est where ticker='AA' AND fiscalyear=2010
UF3:Executing query: select count(*) from view_fact_data where data_set='table_yahoo_y_eps_est_body' AND ticker='AXP' AND fiscalyear=2010
UF4:select count(*) from view_fact_data where data_set='table_yahoo_y_eps_est_body' AND ticker='AXP' AND fiscalyear=2010
UF3:Executing query: select * from view_fact_data where data_set='table_yahoo_y_eps_est_body' AND ticker='AXP' AND fiscalyear=2010
UF4:select * from view_fact_data where data_set='table_yahoo_y_eps_est_body' AND ticker='AXP' AND fiscalyear=2010
UF3:Executing query: select count(*) from eps_est where ticker='AXP' AND fiscalyear=2010
UF4:select count(*) from eps_est where ticker='AXP' AND fiscalyear=2010
UF3:Executing query: select * from eps_est where ticker='AXP' AND fiscalyear=2010
UF4:select * from eps_est where ticker='AXP' AND fiscalyear=2010
UF3:Executing query: select count(*) from view_fact_data where data_set='table_yahoo_y_eps_est_body' AND ticker='HD' AND fiscalyear=2010
UF4:select count(*) from view_fact_data where data_set='table_yahoo_y_eps_est_body' AND ticker='HD' AND fiscalyear=2010
UF3:Executing query: select count(*) from view_fact_data where data_set='table_yahoo_y_eps_est_body' AND ticker='MMM' AND fiscalyear=2010
UF4:select count(*) from view_fact_data where data_set='table_yahoo_y_eps_est_body' AND ticker='MMM' AND fiscalyear=2010
UF3:Executing query: select * from view_fact_data where data_set='table_yahoo_y_eps_est_body' AND ticker='MMM' AND fiscalyear=2010
UF4:select * from view_fact_data where data_set='table_yahoo_y_eps_est_body' AND ticker='MMM' AND fiscalyear=2010
UF3:Executing query: select count(*) from eps_est where ticker='MMM' AND fiscalyear=2010
UF4:select count(*) from eps_est where ticker='MMM' AND fiscalyear=2010
UF3:Executing query: select * from eps_est where ticker='MMM' AND fiscalyear=2010
UF4:select * from eps_est where ticker='MMM' AND fiscalyear=2010
UF3:Executing query: select count(*) from view_fact_data where data_set='table_yahoo_y_eps_est_body' AND ticker='HPQ' AND fiscalyear=2010
UF4:select count(*) from view_fact_data where data_set='table_yahoo_y_eps_est_body' AND ticker='HPQ' AND fiscalyear=2010
UF3:Executing query: select * from view_fact_data where data_set='table_yahoo_y_eps_est_body' AND ticker='HPQ' AND fiscalyear=2010
UF4:select * from view_fact_data where data_set='table_yahoo_y_eps_est_body' AND ticker='HPQ' AND fiscalyear=2010
UF3:Executing query: select count(*) from eps_est where ticker='HPQ' AND fiscalyear=2010
UF4:select count(*) from eps_est where ticker='HPQ' AND fiscalyear=2010
UF3:Executing query: select * from eps_est where ticker='HPQ' AND fiscalyear=2010
UF4:select * from eps_est where ticker='HPQ' AND fiscalyear=2010
UF3:Executing query: select count(*) from view_fact_data where data_set='table_yahoo_y_eps_est_body' AND ticker='JNJ' AND fiscalyear=2010
UF4:select count(*) from view_fact_data where data_set='table_yahoo_y_eps_est_body' AND ticker='JNJ' AND fiscalyear=2010
UF3:Executing query: select count(*) from view_fact_data where data_set='table_yahoo_y_eps_est_body' AND ticker='KFT' AND fiscalyear=2010
UF4:select count(*) from view_fact_data where data_set='table_yahoo_y_eps_est_body' AND ticker='KFT' AND fiscalyear=2010
UF3:Executing query: select * from view_fact_data where data_set='table_yahoo_y_eps_est_body' AND ticker='KFT' AND fiscalyear=2010
UF4:select * from view_fact_data where data_set='table_yahoo_y_eps_est_body' AND ticker='KFT' AND fiscalyear=2010
UF3:Executing query: select count(*) from eps_est where ticker='KFT' AND fiscalyear=2010
UF4:select count(*) from eps_est where ticker='KFT' AND fiscalyear=2010
UF3:Executing query: select * from eps_est where ticker='KFT' AND fiscalyear=2010
UF4:select * from eps_est where ticker='KFT' AND fiscalyear=2010
UF3:Executing query: select count(*) from view_fact_data where data_set='table_yahoo_y_eps_est_body' AND ticker='PFE' AND fiscalyear=2010
UF4:select count(*) from view_fact_data where data_set='table_yahoo_y_eps_est_body' AND ticker='PFE' AND fiscalyear=2010
UF3:Executing query: select * from view_fact_data where data_set='table_yahoo_y_eps_est_body' AND ticker='PFE' AND fiscalyear=2010
UF4:select * from view_fact_data where data_set='table_yahoo_y_eps_est_body' AND ticker='PFE' AND fiscalyear=2010
UF3:Executing query: select count(*) from eps_est where ticker='PFE' AND fiscalyear=2010
UF4:select count(*) from eps_est where ticker='PFE' AND fiscalyear=2010
UF3:Executing query: select * from eps_est where ticker='PFE' AND fiscalyear=2010
UF4:select * from eps_est where ticker='PFE' AND fiscalyear=2010
UF3:Executing query: select count(*) from view_fact_data where data_set='table_yahoo_y_eps_est_body' AND ticker='ACE' AND fiscalyear=2010
UF4:select count(*) from view_fact_data where data_set='table_yahoo_y_eps_est_body' AND ticker='ACE' AND fiscalyear=2010
UF3:Executing query: select * from view_fact_data where data_set='table_yahoo_y_eps_est_body' AND ticker='ACE' AND fiscalyear=2010
UF4:select * from view_fact_data where data_set='table_yahoo_y_eps_est_body' AND ticker='ACE' AND fiscalyear=2010
UF3:Executing query: select count(*) from eps_est where ticker='ACE' AND fiscalyear=2010
UF4:select count(*) from eps_est where ticker='ACE' AND fiscalyear=2010
UF3:Executing query: select * from eps_est where ticker='ACE' AND fiscalyear=2010
UF4:select * from eps_est where ticker='ACE' AND fiscalyear=2010
UF3:Executing query: select count(*) from view_fact_data where data_set='table_yahoo_y_eps_est_body' AND ticker='ABT' AND fiscalyear=2010
UF4:select count(*) from view_fact_data where data_set='table_yahoo_y_eps_est_body' AND ticker='ABT' AND fiscalyear=2010
UF3:Executing query: select * from view_fact_data where data_set='table_yahoo_y_eps_est_body' AND ticker='ABT' AND fiscalyear=2010
UF4:select * from view_fact_data where data_set='table_yahoo_y_eps_est_body' AND ticker='ABT' AND fiscalyear=2010
UF3:Executing query: select count(*) from eps_est where ticker='ABT' AND fiscalyear=2010
UF4:select count(*) from eps_est where ticker='ABT' AND fiscalyear=2010
UF3:Executing query: select * from eps_est where ticker='ABT' AND fiscalyear=2010
UF4:select * from eps_est where ticker='ABT' AND fiscalyear=2010
UF3:Executing query: select count(*) from view_fact_data where data_set='table_yahoo_y_eps_est_body' AND ticker='ANF' AND fiscalyear=2010
UF4:select count(*) from view_fact_data where data_set='table_yahoo_y_eps_est_body' AND ticker='ANF' AND fiscalyear=2010
UF3:Executing query: select count(*) from view_fact_data where data_set='table_yahoo_y_eps_est_body' AND ticker='ADBE' AND fiscalyear=2010
UF4:select count(*) from view_fact_data where data_set='table_yahoo_y_eps_est_body' AND ticker='ADBE' AND fiscalyear=2010
UF3:Executing query: select * from view_fact_data where data_set='table_yahoo_y_eps_est_body' AND ticker='ADBE' AND fiscalyear=2010
UF4:select * from view_fact_data where data_set='table_yahoo_y_eps_est_body' AND ticker='ADBE' AND fiscalyear=2010
UF3:Executing query: select count(*) from eps_est where ticker='ADBE' AND fiscalyear=2010
UF4:select count(*) from eps_est where ticker='ADBE' AND fiscalyear=2010
UF3:Executing query: select * from eps_est where ticker='ADBE' AND fiscalyear=2010
UF4:select * from eps_est where ticker='ADBE' AND fiscalyear=2010
UF3:Executing query: select count(*) from view_fact_data where data_set='table_yahoo_y_eps_est_body' AND ticker='AMD' AND fiscalyear=2010
UF4:select count(*) from view_fact_data where data_set='table_yahoo_y_eps_est_body' AND ticker='AMD' AND fiscalyear=2010
UF3:Executing query: select * from view_fact_data where data_set='table_yahoo_y_eps_est_body' AND ticker='AMD' AND fiscalyear=2010
UF4:select * from view_fact_data where data_set='table_yahoo_y_eps_est_body' AND ticker='AMD' AND fiscalyear=2010
UF3:Executing query: select count(*) from eps_est where ticker='AMD' AND fiscalyear=2010
UF4:select count(*) from eps_est where ticker='AMD' AND fiscalyear=2010
UF3:Executing query: select * from eps_est where ticker='AMD' AND fiscalyear=2010
UF4:select * from eps_est where ticker='AMD' AND fiscalyear=2010
UF3:Executing query: select count(*) from view_fact_data where data_set='table_yahoo_y_eps_est_body' AND ticker='AES' AND fiscalyear=2010
UF4:select count(*) from view_fact_data where data_set='table_yahoo_y_eps_est_body' AND ticker='AES' AND fiscalyear=2010
UF3:Executing query: select * from view_fact_data where data_set='table_yahoo_y_eps_est_body' AND ticker='AES' AND fiscalyear=2010
UF4:select * from view_fact_data where data_set='table_yahoo_y_eps_est_body' AND ticker='AES' AND fiscalyear=2010
UF3:Executing query: select count(*) from eps_est where ticker='AES' AND fiscalyear=2010
UF4:select count(*) from eps_est where ticker='AES' AND fiscalyear=2010
UF3:Executing query: select * from eps_est where ticker='AES' AND fiscalyear=2010
UF4:select * from eps_est where ticker='AES' AND fiscalyear=2010
UF3:Executing query: select count(*) from view_fact_data where data_set='table_yahoo_y_eps_est_body' AND ticker='AET' AND fiscalyear=2010
UF4:select count(*) from view_fact_data where data_set='table_yahoo_y_eps_est_body' AND ticker='AET' AND fiscalyear=2010
UF3:Executing query: select * from view_fact_data where data_set='table_yahoo_y_eps_est_body' AND ticker='AET' AND fiscalyear=2010
UF4:select * from view_fact_data where data_set='table_yahoo_y_eps_est_body' AND ticker='AET' AND fiscalyear=2010
UF3:Executing query: select count(*) from eps_est where ticker='AET' AND fiscalyear=2010
UF4:select count(*) from eps_est where ticker='AET' AND fiscalyear=2010
UF3:Executing query: select * from eps_est where ticker='AET' AND fiscalyear=2010
UF4:select * from eps_est where ticker='AET' AND fiscalyear=2010
UF3:Executing query: select count(*) from view_fact_data where data_set='table_yahoo_y_eps_est_body' AND ticker='AFL' AND fiscalyear=2010
UF4:select count(*) from view_fact_data where data_set='table_yahoo_y_eps_est_body' AND ticker='AFL' AND fiscalyear=2010
UF3:Executing query: select * from view_fact_data where data_set='table_yahoo_y_eps_est_body' AND ticker='AFL' AND fiscalyear=2010
UF4:select * from view_fact_data where data_set='table_yahoo_y_eps_est_body' AND ticker='AFL' AND fiscalyear=2010
UF3:Executing query: select count(*) from eps_est where ticker='AFL' AND fiscalyear=2010
UF4:select count(*) from eps_est where ticker='AFL' AND fiscalyear=2010
UF3:Executing query: select * from eps_est where ticker='AFL' AND fiscalyear=2010
UF4:select * from eps_est where ticker='AFL' AND fiscalyear=2010
UF3:Executing query: select count(*) from view_fact_data where data_set='table_yahoo_y_eps_est_body' AND ticker='A' AND fiscalyear=2010
UF4:select count(*) from view_fact_data where data_set='table_yahoo_y_eps_est_body' AND ticker='A' AND fiscalyear=2010
UF3:Executing query: select * from view_fact_data where data_set='table_yahoo_y_eps_est_body' AND ticker='A' AND fiscalyear=2010
UF4:select * from view_fact_data where data_set='table_yahoo_y_eps_est_body' AND ticker='A' AND fiscalyear=2010
UF3:Executing query: select count(*) from eps_est where ticker='A' AND fiscalyear=2010
UF4:select count(*) from eps_est where ticker='A' AND fiscalyear=2010
UF3:Executing query: select * from eps_est where ticker='A' AND fiscalyear=2010
UF4:select * from eps_est where ticker='A' AND fiscalyear=2010
UF3:Executing query: select count(*) from view_fact_data where data_set='table_yahoo_y_eps_est_body' AND ticker='APD' AND fiscalyear=2010
UF4:select count(*) from view_fact_data where data_set='table_yahoo_y_eps_est_body' AND ticker='APD' AND fiscalyear=2010
UF3:Executing query: select * from view_fact_data where data_set='table_yahoo_y_eps_est_body' AND ticker='APD' AND fiscalyear=2010
UF4:select * from view_fact_data where data_set='table_yahoo_y_eps_est_body' AND ticker='APD' AND fiscalyear=2010
UF3:Executing query: select count(*) from eps_est where ticker='APD' AND fiscalyear=2010
UF4:select count(*) from eps_est where ticker='APD' AND fiscalyear=2010
UF3:Executing query: select * from eps_est where ticker='APD' AND fiscalyear=2010
UF4:select * from eps_est where ticker='APD' AND fiscalyear=2010
UF3:Executing query: select count(*) from view_fact_data where data_set='table_yahoo_y_eps_est_body' AND ticker='ARG' AND fiscalyear=2010
UF4:select count(*) from view_fact_data where data_set='table_yahoo_y_eps_est_body' AND ticker='ARG' AND fiscalyear=2010
UF3:Executing query: select count(*) from view_fact_data where data_set='table_yahoo_y_eps_est_body' AND ticker='AKS' AND fiscalyear=2010
UF4:select count(*) from view_fact_data where data_set='table_yahoo_y_eps_est_body' AND ticker='AKS' AND fiscalyear=2010
UF3:Executing query: select * from view_fact_data where data_set='table_yahoo_y_eps_est_body' AND ticker='AKS' AND fiscalyear=2010
UF4:select * from view_fact_data where data_set='table_yahoo_y_eps_est_body' AND ticker='AKS' AND fiscalyear=2010
UF3:Executing query: select count(*) from eps_est where ticker='AKS' AND fiscalyear=2010
UF4:select count(*) from eps_est where ticker='AKS' AND fiscalyear=2010
UF3:Executing query: select * from eps_est where ticker='AKS' AND fiscalyear=2010
UF4:select * from eps_est where ticker='AKS' AND fiscalyear=2010
UF3:Executing query: select count(*) from view_fact_data where data_set='table_yahoo_y_eps_est_body' AND ticker='AKAM' AND fiscalyear=2010
UF4:select count(*) from view_fact_data where data_set='table_yahoo_y_eps_est_body' AND ticker='AKAM' AND fiscalyear=2010
UF3:Executing query: select * from view_fact_data where data_set='table_yahoo_y_eps_est_body' AND ticker='AKAM' AND fiscalyear=2010
UF4:select * from view_fact_data where data_set='table_yahoo_y_eps_est_body' AND ticker='AKAM' AND fiscalyear=2010
UF3:Executing query: select count(*) from eps_est where ticker='AKAM' AND fiscalyear=2010
UF4:select count(*) from eps_est where ticker='AKAM' AND fiscalyear=2010
UF3:Executing query: select * from eps_est where ticker='AKAM' AND fiscalyear=2010
UF4:select * from eps_est where ticker='AKAM' AND fiscalyear=2010
UF3:Executing query: select count(*) from view_fact_data where data_set='table_yahoo_y_eps_est_body' AND ticker='AYE' AND fiscalyear=2010
UF4:select count(*) from view_fact_data where data_set='table_yahoo_y_eps_est_body' AND ticker='AYE' AND fiscalyear=2010
UF3:Executing query: select * from view_fact_data where data_set='table_yahoo_y_eps_est_body' AND ticker='AYE' AND fiscalyear=2010
UF4:select * from view_fact_data where data_set='table_yahoo_y_eps_est_body' AND ticker='AYE' AND fiscalyear=2010
UF3:Executing query: select count(*) from eps_est where ticker='AYE' AND fiscalyear=2010
UF4:select count(*) from eps_est where ticker='AYE' AND fiscalyear=2010
UF3:Executing query: select * from eps_est where ticker='AYE' AND fiscalyear=2010
UF4:select * from eps_est where ticker='AYE' AND fiscalyear=2010
UF3:Executing query: select count(*) from view_fact_data where data_set='table_yahoo_y_eps_est_body' AND ticker='ATI' AND fiscalyear=2010
UF4:select count(*) from view_fact_data where data_set='table_yahoo_y_eps_est_body' AND ticker='ATI' AND fiscalyear=2010
UF3:Executing query: select * from view_fact_data where data_set='table_yahoo_y_eps_est_body' AND ticker='ATI' AND fiscalyear=2010
UF4:select * from view_fact_data where data_set='table_yahoo_y_eps_est_body' AND ticker='ATI' AND fiscalyear=2010
UF3:Executing query: select count(*) from eps_est where ticker='ATI' AND fiscalyear=2010
UF4:select count(*) from eps_est where ticker='ATI' AND fiscalyear=2010
UF3:Executing query: select * from eps_est where ticker='ATI' AND fiscalyear=2010
UF4:select * from eps_est where ticker='ATI' AND fiscalyear=2010
UF3:Executing query: select count(*) from view_fact_data where data_set='table_yahoo_y_eps_est_body' AND ticker='AGN' AND fiscalyear=2010
UF4:select count(*) from view_fact_data where data_set='table_yahoo_y_eps_est_body' AND ticker='AGN' AND fiscalyear=2010
UF3:Executing query: select * from view_fact_data where data_set='table_yahoo_y_eps_est_body' AND ticker='AGN' AND fiscalyear=2010
UF4:select * from view_fact_data where data_set='table_yahoo_y_eps_est_body' AND ticker='AGN' AND fiscalyear=2010
UF3:Executing query: select count(*) from eps_est where ticker='AGN' AND fiscalyear=2010
UF4:select count(*) from eps_est where ticker='AGN' AND fiscalyear=2010
UF3:Executing query: select * from eps_est where ticker='AGN' AND fiscalyear=2010
UF4:select * from eps_est where ticker='AGN' AND fiscalyear=2010
UF3:Executing query: select count(*) from view_fact_data where data_set='table_yahoo_y_eps_est_body' AND ticker='ALL' AND fiscalyear=2010
UF4:select count(*) from view_fact_data where data_set='table_yahoo_y_eps_est_body' AND ticker='ALL' AND fiscalyear=2010
UF3:Executing query: select * from view_fact_data where data_set='table_yahoo_y_eps_est_body' AND ticker='ALL' AND fiscalyear=2010
UF4:select * from view_fact_data where data_set='table_yahoo_y_eps_est_body' AND ticker='ALL' AND fiscalyear=2010
UF3:Executing query: select count(*) from eps_est where ticker='ALL' AND fiscalyear=2010
UF4:select count(*) from eps_est where ticker='ALL' AND fiscalyear=2010
UF3:Executing query: select * from eps_est where ticker='ALL' AND fiscalyear=2010
UF4:select * from eps_est where ticker='ALL' AND fiscalyear=2010
UF3:Executing query: select count(*) from view_fact_data where data_set='table_yahoo_y_eps_est_body' AND ticker='ALTR' AND fiscalyear=2010
UF4:select count(*) from view_fact_data where data_set='table_yahoo_y_eps_est_body' AND ticker='ALTR' AND fiscalyear=2010
UF3:Executing query: select * from view_fact_data where data_set='table_yahoo_y_eps_est_body' AND ticker='ALTR' AND fiscalyear=2010
UF4:select * from view_fact_data where data_set='table_yahoo_y_eps_est_body' AND ticker='ALTR' AND fiscalyear=2010
UF3:Executing query: select count(*) from eps_est where ticker='ALTR' AND fiscalyear=2010
UF4:select count(*) from eps_est where ticker='ALTR' AND fiscalyear=2010
UF3:Executing query: select * from eps_est where ticker='ALTR' AND fiscalyear=2010
UF4:select * from eps_est where ticker='ALTR' AND fiscalyear=2010
UF3:Executing query: select count(*) from view_fact_data where data_set='table_yahoo_y_eps_est_body' AND ticker='MO' AND fiscalyear=2010
UF4:select count(*) from view_fact_data where data_set='table_yahoo_y_eps_est_body' AND ticker='MO' AND fiscalyear=2010
UF3:Executing query: select * from view_fact_data where data_set='table_yahoo_y_eps_est_body' AND ticker='MO' AND fiscalyear=2010
UF4:select * from view_fact_data where data_set='table_yahoo_y_eps_est_body' AND ticker='MO' AND fiscalyear=2010
UF3:Executing query: select count(*) from eps_est where ticker='MO' AND fiscalyear=2010
UF4:select count(*) from eps_est where ticker='MO' AND fiscalyear=2010
UF3:Executing query: select * from eps_est where ticker='MO' AND fiscalyear=2010
UF4:select * from eps_est where ticker='MO' AND fiscalyear=2010
UF3:Executing query: select count(*) from view_fact_data where data_set='table_yahoo_y_eps_est_body' AND ticker='AMZN' AND fiscalyear=2010
UF4:select count(*) from view_fact_data where data_set='table_yahoo_y_eps_est_body' AND ticker='AMZN' AND fiscalyear=2010
UF3:Executing query: select * from view_fact_data where data_set='table_yahoo_y_eps_est_body' AND ticker='AMZN' AND fiscalyear=2010
UF4:select * from view_fact_data where data_set='table_yahoo_y_eps_est_body' AND ticker='AMZN' AND fiscalyear=2010
UF3:Executing query: select count(*) from eps_est where ticker='AMZN' AND fiscalyear=2010
UF4:select count(*) from eps_est where ticker='AMZN' AND fiscalyear=2010
UF3:Executing query: select * from eps_est where ticker='AMZN' AND fiscalyear=2010
UF4:select * from eps_est where ticker='AMZN' AND fiscalyear=2010
UF3:Executing query: select count(*) from view_fact_data where data_set='table_yahoo_y_eps_est_body' AND ticker='AEE' AND fiscalyear=2010
UF4:select count(*) from view_fact_data where data_set='table_yahoo_y_eps_est_body' AND ticker='AEE' AND fiscalyear=2010
UF3:Executing query: select * from view_fact_data where data_set='table_yahoo_y_eps_est_body' AND ticker='AEE' AND fiscalyear=2010
UF4:select * from view_fact_data where data_set='table_yahoo_y_eps_est_body' AND ticker='AEE' AND fiscalyear=2010
UF3:Executing query: select count(*) from eps_est where ticker='AEE' AND fiscalyear=2010
UF4:select count(*) from eps_est where ticker='AEE' AND fiscalyear=2010
UF3:Executing query: select * from eps_est where ticker='AEE' AND fiscalyear=2010
UF4:select * from eps_est where ticker='AEE' AND fiscalyear=2010
UF3:Executing query: select count(*) from view_fact_data where data_set='table_yahoo_y_eps_est_body' AND ticker='AEP' AND fiscalyear=2010
UF4:select count(*) from view_fact_data where data_set='table_yahoo_y_eps_est_body' AND ticker='AEP' AND fiscalyear=2010
UF3:Executing query: select * from view_fact_data where data_set='table_yahoo_y_eps_est_body' AND ticker='AEP' AND fiscalyear=2010
UF4:select * from view_fact_data where data_set='table_yahoo_y_eps_est_body' AND ticker='AEP' AND fiscalyear=2010
UF3:Executing query: select count(*) from eps_est where ticker='AEP' AND fiscalyear=2010
UF4:select count(*) from eps_est where ticker='AEP' AND fiscalyear=2010
UF3:Executing query: select * from eps_est where ticker='AEP' AND fiscalyear=2010
UF4:select * from eps_est where ticker='AEP' AND fiscalyear=2010
UF3:Executing query: select count(*) from view_fact_data where data_set='table_yahoo_y_eps_est_body' AND ticker='AIG' AND fiscalyear=2010
UF4:select count(*) from view_fact_data where data_set='table_yahoo_y_eps_est_body' AND ticker='AIG' AND fiscalyear=2010
UF3:Executing query: select * from view_fact_data where data_set='table_yahoo_y_eps_est_body' AND ticker='AIG' AND fiscalyear=2010
UF4:select * from view_fact_data where data_set='table_yahoo_y_eps_est_body' AND ticker='AIG' AND fiscalyear=2010
UF3:Executing query: select count(*) from eps_est where ticker='AIG' AND fiscalyear=2010
UF4:select count(*) from eps_est where ticker='AIG' AND fiscalyear=2010
UF3:Executing query: select * from eps_est where ticker='AIG' AND fiscalyear=2010
UF4:select * from eps_est where ticker='AIG' AND fiscalyear=2010
UF3:Executing query: select count(*) from view_fact_data where data_set='table_yahoo_y_eps_est_body' AND ticker='AMT' AND fiscalyear=2010
UF4:select count(*) from view_fact_data where data_set='table_yahoo_y_eps_est_body' AND ticker='AMT' AND fiscalyear=2010
UF3:Executing query: select * from view_fact_data where data_set='table_yahoo_y_eps_est_body' AND ticker='AMT' AND fiscalyear=2010
UF4:select * from view_fact_data where data_set='table_yahoo_y_eps_est_body' AND ticker='AMT' AND fiscalyear=2010
UF3:Executing query: select count(*) from eps_est where ticker='AMT' AND fiscalyear=2010
UF4:select count(*) from eps_est where ticker='AMT' AND fiscalyear=2010
UF3:Executing query: select * from eps_est where ticker='AMT' AND fiscalyear=2010
UF4:select * from eps_est where ticker='AMT' AND fiscalyear=2010
UF3:Executing query: select count(*) from view_fact_data where data_set='table_yahoo_y_eps_est_body' AND ticker='AMP' AND fiscalyear=2010
UF4:select count(*) from view_fact_data where data_set='table_yahoo_y_eps_est_body' AND ticker='AMP' AND fiscalyear=2010
UF3:Executing query: select * from view_fact_data where data_set='table_yahoo_y_eps_est_body' AND ticker='AMP' AND fiscalyear=2010
UF4:select * from view_fact_data where data_set='table_yahoo_y_eps_est_body' AND ticker='AMP' AND fiscalyear=2010
UF3:Executing query: select count(*) from eps_est where ticker='AMP' AND fiscalyear=2010
UF4:select count(*) from eps_est where ticker='AMP' AND fiscalyear=2010
UF3:Executing query: select * from eps_est where ticker='AMP' AND fiscalyear=2010
UF4:select * from eps_est where ticker='AMP' AND fiscalyear=2010
UF3:Executing query: select count(*) from view_fact_data where data_set='table_yahoo_y_eps_est_body' AND ticker='ABC' AND fiscalyear=2010
UF4:select count(*) from view_fact_data where data_set='table_yahoo_y_eps_est_body' AND ticker='ABC' AND fiscalyear=2010
UF3:Executing query: select * from view_fact_data where data_set='table_yahoo_y_eps_est_body' AND ticker='ABC' AND fiscalyear=2010
UF4:select * from view_fact_data where data_set='table_yahoo_y_eps_est_body' AND ticker='ABC' AND fiscalyear=2010
UF3:Executing query: select count(*) from eps_est where ticker='ABC' AND fiscalyear=2010
UF4:select count(*) from eps_est where ticker='ABC' AND fiscalyear=2010
UF3:Executing query: select * from eps_est where ticker='ABC' AND fiscalyear=2010
UF4:select * from eps_est where ticker='ABC' AND fiscalyear=2010
UF3:Executing query: select count(*) from view_fact_data where data_set='table_yahoo_y_eps_est_body' AND ticker='AMGN' AND fiscalyear=2010
UF4:select count(*) from view_fact_data where data_set='table_yahoo_y_eps_est_body' AND ticker='AMGN' AND fiscalyear=2010
UF3:Executing query: select * from view_fact_data where data_set='table_yahoo_y_eps_est_body' AND ticker='AMGN' AND fiscalyear=2010
UF4:select * from view_fact_data where data_set='table_yahoo_y_eps_est_body' AND ticker='AMGN' AND fiscalyear=2010
UF3:Executing query: select count(*) from eps_est where ticker='AMGN' AND fiscalyear=2010
UF4:select count(*) from eps_est where ticker='AMGN' AND fiscalyear=2010
UF3:Executing query: select * from eps_est where ticker='AMGN' AND fiscalyear=2010
UF4:select * from eps_est where ticker='AMGN' AND fiscalyear=2010
UF3:Executing query: select count(*) from view_fact_data where data_set='table_yahoo_y_eps_est_body' AND ticker='APH' AND fiscalyear=2010
UF4:select count(*) from view_fact_data where data_set='table_yahoo_y_eps_est_body' AND ticker='APH' AND fiscalyear=2010
UF3:Executing query: select * from view_fact_data where data_set='table_yahoo_y_eps_est_body' AND ticker='APH' AND fiscalyear=2010
UF4:select * from view_fact_data where data_set='table_yahoo_y_eps_est_body' AND ticker='APH' AND fiscalyear=2010
UF3:Executing query: select count(*) from eps_est where ticker='APH' AND fiscalyear=2010
UF4:select count(*) from eps_est where ticker='APH' AND fiscalyear=2010
UF3:Executing query: select * from eps_est where ticker='APH' AND fiscalyear=2010
UF4:select * from eps_est where ticker='APH' AND fiscalyear=2010
UF3:Executing query: select count(*) from view_fact_data where data_set='table_yahoo_y_eps_est_body' AND ticker='APC' AND fiscalyear=2010
UF4:select count(*) from view_fact_data where data_set='table_yahoo_y_eps_est_body' AND ticker='APC' AND fiscalyear=2010
UF3:Executing query: select * from view_fact_data where data_set='table_yahoo_y_eps_est_body' AND ticker='APC' AND fiscalyear=2010
UF4:select * from view_fact_data where data_set='table_yahoo_y_eps_est_body' AND ticker='APC' AND fiscalyear=2010
UF3:Executing query: select count(*) from eps_est where ticker='APC' AND fiscalyear=2010
UF4:select count(*) from eps_est where ticker='APC' AND fiscalyear=2010
UF3:Executing query: select * from eps_est where ticker='APC' AND fiscalyear=2010
UF4:select * from eps_est where ticker='APC' AND fiscalyear=2010
UF3:Executing query: select count(*) from view_fact_data where data_set='table_yahoo_y_eps_est_body' AND ticker='ADI' AND fiscalyear=2010
UF4:select count(*) from view_fact_data where data_set='table_yahoo_y_eps_est_body' AND ticker='ADI' AND fiscalyear=2010
UF3:Executing query: select * from view_fact_data where data_set='table_yahoo_y_eps_est_body' AND ticker='ADI' AND fiscalyear=2010
UF4:select * from view_fact_data where data_set='table_yahoo_y_eps_est_body' AND ticker='ADI' AND fiscalyear=2010
UF3:Executing query: select count(*) from eps_est where ticker='ADI' AND fiscalyear=2010
UF4:select count(*) from eps_est where ticker='ADI' AND fiscalyear=2010
UF3:Executing query: select * from eps_est where ticker='ADI' AND fiscalyear=2010
UF4:select * from eps_est where ticker='ADI' AND fiscalyear=2010
UF3:Executing query: select count(*) from view_fact_data where data_set='table_yahoo_y_eps_est_body' AND ticker='AON' AND fiscalyear=2010
UF4:select count(*) from view_fact_data where data_set='table_yahoo_y_eps_est_body' AND ticker='AON' AND fiscalyear=2010
UF3:Executing query: select * from view_fact_data where data_set='table_yahoo_y_eps_est_body' AND ticker='AON' AND fiscalyear=2010
UF4:select * from view_fact_data where data_set='table_yahoo_y_eps_est_body' AND ticker='AON' AND fiscalyear=2010
UF3:Executing query: select count(*) from eps_est where ticker='AON' AND fiscalyear=2010
UF4:select count(*) from eps_est where ticker='AON' AND fiscalyear=2010
UF3:Executing query: select * from eps_est where ticker='AON' AND fiscalyear=2010
UF4:select * from eps_est where ticker='AON' AND fiscalyear=2010
UF3:Executing query: select count(*) from view_fact_data where data_set='table_yahoo_y_eps_est_body' AND ticker='APA' AND fiscalyear=2010
UF4:select count(*) from view_fact_data where data_set='table_yahoo_y_eps_est_body' AND ticker='APA' AND fiscalyear=2010
UF3:Executing query: select * from view_fact_data where data_set='table_yahoo_y_eps_est_body' AND ticker='APA' AND fiscalyear=2010
UF4:select * from view_fact_data where data_set='table_yahoo_y_eps_est_body' AND ticker='APA' AND fiscalyear=2010
UF3:Executing query: select count(*) from eps_est where ticker='APA' AND fiscalyear=2010
UF4:select count(*) from eps_est where ticker='APA' AND fiscalyear=2010
UF3:Executing query: select * from eps_est where ticker='APA' AND fiscalyear=2010
UF4:select * from eps_est where ticker='APA' AND fiscalyear=2010
UF3:Executing query: select count(*) from view_fact_data where data_set='table_yahoo_y_eps_est_body' AND ticker='AIV' AND fiscalyear=2010
UF4:select count(*) from view_fact_data where data_set='table_yahoo_y_eps_est_body' AND ticker='AIV' AND fiscalyear=2010
UF3:Executing query: select * from view_fact_data where data_set='table_yahoo_y_eps_est_body' AND ticker='AIV' AND fiscalyear=2010
UF4:select * from view_fact_data where data_set='table_yahoo_y_eps_est_body' AND ticker='AIV' AND fiscalyear=2010
UF3:Executing query: select count(*) from eps_est where ticker='AIV' AND fiscalyear=2010
UF4:select count(*) from eps_est where ticker='AIV' AND fiscalyear=2010
UF3:Executing query: select * from eps_est where ticker='AIV' AND fiscalyear=2010
UF4:select * from eps_est where ticker='AIV' AND fiscalyear=2010
UF3:Executing query: select count(*) from view_fact_data where data_set='table_yahoo_y_eps_est_body' AND ticker='APOL' AND fiscalyear=2010
UF4:select count(*) from view_fact_data where data_set='table_yahoo_y_eps_est_body' AND ticker='APOL' AND fiscalyear=2010
UF3:Executing query: select * from view_fact_data where data_set='table_yahoo_y_eps_est_body' AND ticker='APOL' AND fiscalyear=2010
UF4:select * from view_fact_data where data_set='table_yahoo_y_eps_est_body' AND ticker='APOL' AND fiscalyear=2010
UF3:Executing query: select count(*) from eps_est where ticker='APOL' AND fiscalyear=2010
UF4:select count(*) from eps_est where ticker='APOL' AND fiscalyear=2010
UF3:Executing query: select * from eps_est where ticker='APOL' AND fiscalyear=2010
UF4:select * from eps_est where ticker='APOL' AND fiscalyear=2010
UF3:Executing query: select count(*) from view_fact_data where data_set='table_yahoo_y_eps_est_body' AND ticker='AAPL' AND fiscalyear=2010
UF4:select count(*) from view_fact_data where data_set='table_yahoo_y_eps_est_body' AND ticker='AAPL' AND fiscalyear=2010
UF3:Executing query: select * from view_fact_data where data_set='table_yahoo_y_eps_est_body' AND ticker='AAPL' AND fiscalyear=2010
UF4:select * from view_fact_data where data_set='table_yahoo_y_eps_est_body' AND ticker='AAPL' AND fiscalyear=2010
UF3:Executing query: select count(*) from eps_est where ticker='AAPL' AND fiscalyear=2010
UF4:select count(*) from eps_est where ticker='AAPL' AND fiscalyear=2010
UF3:Executing query: select * from eps_est where ticker='AAPL' AND fiscalyear=2010
UF4:select * from eps_est where ticker='AAPL' AND fiscalyear=2010
UF3:Executing query: select count(*) from view_fact_data where data_set='table_yahoo_y_eps_est_body' AND ticker='AMAT' AND fiscalyear=2010
UF4:select count(*) from view_fact_data where data_set='table_yahoo_y_eps_est_body' AND ticker='AMAT' AND fiscalyear=2010
UF3:Executing query: select * from view_fact_data where data_set='table_yahoo_y_eps_est_body' AND ticker='AMAT' AND fiscalyear=2010
UF4:select * from view_fact_data where data_set='table_yahoo_y_eps_est_body' AND ticker='AMAT' AND fiscalyear=2010
UF3:Executing query: select count(*) from eps_est where ticker='AMAT' AND fiscalyear=2010
UF4:select count(*) from eps_est where ticker='AMAT' AND fiscalyear=2010
UF3:Executing query: select * from eps_est where ticker='AMAT' AND fiscalyear=2010
UF4:select * from eps_est where ticker='AMAT' AND fiscalyear=2010
UF3:Executing query: select count(*) from view_fact_data where data_set='table_yahoo_y_eps_est_body' AND ticker='ADM' AND fiscalyear=2010
UF4:select count(*) from view_fact_data where data_set='table_yahoo_y_eps_est_body' AND ticker='ADM' AND fiscalyear=2010
UF3:Executing query: select count(*) from view_fact_data where data_set='table_yahoo_y_eps_est_body' AND ticker='AIZ' AND fiscalyear=2010
UF4:select count(*) from view_fact_data where data_set='table_yahoo_y_eps_est_body' AND ticker='AIZ' AND fiscalyear=2010
UF3:Executing query: select * from view_fact_data where data_set='table_yahoo_y_eps_est_body' AND ticker='AIZ' AND fiscalyear=2010
UF4:select * from view_fact_data where data_set='table_yahoo_y_eps_est_body' AND ticker='AIZ' AND fiscalyear=2010
UF3:Executing query: select count(*) from eps_est where ticker='AIZ' AND fiscalyear=2010
UF4:select count(*) from eps_est where ticker='AIZ' AND fiscalyear=2010
UF3:Executing query: select * from eps_est where ticker='AIZ' AND fiscalyear=2010
UF4:select * from eps_est where ticker='AIZ' AND fiscalyear=2010
UF3:Executing query: select count(*) from view_fact_data where data_set='table_yahoo_y_eps_est_body' AND ticker='ADSK' AND fiscalyear=2010
UF4:select count(*) from view_fact_data where data_set='table_yahoo_y_eps_est_body' AND ticker='ADSK' AND fiscalyear=2010
UF3:Executing query: select count(*) from view_fact_data where data_set='table_yahoo_y_eps_est_body' AND ticker='ADP' AND fiscalyear=2010
UF4:select count(*) from view_fact_data where data_set='table_yahoo_y_eps_est_body' AND ticker='ADP' AND fiscalyear=2010
UF3:Executing query: select count(*) from view_fact_data where data_set='table_yahoo_y_eps_est_body' AND ticker='AN' AND fiscalyear=2010
UF4:select count(*) from view_fact_data where data_set='table_yahoo_y_eps_est_body' AND ticker='AN' AND fiscalyear=2010
UF3:Executing query: select * from view_fact_data where data_set='table_yahoo_y_eps_est_body' AND ticker='AN' AND fiscalyear=2010
UF4:select * from view_fact_data where data_set='table_yahoo_y_eps_est_body' AND ticker='AN' AND fiscalyear=2010
UF3:Executing query: select count(*) from eps_est where ticker='AN' AND fiscalyear=2010
UF4:select count(*) from eps_est where ticker='AN' AND fiscalyear=2010
UF3:Executing query: select * from eps_est where ticker='AN' AND fiscalyear=2010
UF4:select * from eps_est where ticker='AN' AND fiscalyear=2010
UF3:Executing query: select count(*) from view_fact_data where data_set='table_yahoo_y_eps_est_body' AND ticker='AZO' AND fiscalyear=2010
UF4:select count(*) from view_fact_data where data_set='table_yahoo_y_eps_est_body' AND ticker='AZO' AND fiscalyear=2010
UF3:Executing query: select count(*) from view_fact_data where data_set='table_yahoo_y_eps_est_body' AND ticker='AVB' AND fiscalyear=2010
UF4:select count(*) from view_fact_data where data_set='table_yahoo_y_eps_est_body' AND ticker='AVB' AND fiscalyear=2010
UF3:Executing query: select * from view_fact_data where data_set='table_yahoo_y_eps_est_body' AND ticker='AVB' AND fiscalyear=2010
UF4:select * from view_fact_data where data_set='table_yahoo_y_eps_est_body' AND ticker='AVB' AND fiscalyear=2010
UF3:Executing query: select count(*) from eps_est where ticker='AVB' AND fiscalyear=2010
UF4:select count(*) from eps_est where ticker='AVB' AND fiscalyear=2010
UF3:Executing query: select * from eps_est where ticker='AVB' AND fiscalyear=2010
UF4:select * from eps_est where ticker='AVB' AND fiscalyear=2010
UF3:Executing query: select count(*) from view_fact_data where data_set='table_yahoo_y_eps_est_body' AND ticker='AVY' AND fiscalyear=2010
UF4:select count(*) from view_fact_data where data_set='table_yahoo_y_eps_est_body' AND ticker='AVY' AND fiscalyear=2010
UF3:Executing query: select count(*) from view_fact_data where data_set='table_yahoo_y_eps_est_body' AND ticker='AVP' AND fiscalyear=2010
UF4:select count(*) from view_fact_data where data_set='table_yahoo_y_eps_est_body' AND ticker='AVP' AND fiscalyear=2010
UF3:Executing query: select * from view_fact_data where data_set='table_yahoo_y_eps_est_body' AND ticker='AVP' AND fiscalyear=2010
UF4:select * from view_fact_data where data_set='table_yahoo_y_eps_est_body' AND ticker='AVP' AND fiscalyear=2010
UF3:Executing query: select count(*) from eps_est where ticker='AVP' AND fiscalyear=2010
UF4:select count(*) from eps_est where ticker='AVP' AND fiscalyear=2010
UF3:Executing query: select * from eps_est where ticker='AVP' AND fiscalyear=2010
UF4:select * from eps_est where ticker='AVP' AND fiscalyear=2010
UF3:Executing query: select count(*) from view_fact_data where data_set='table_yahoo_y_eps_est_body' AND ticker='BHI' AND fiscalyear=2010
UF4:select count(*) from view_fact_data where data_set='table_yahoo_y_eps_est_body' AND ticker='BHI' AND fiscalyear=2010
UF3:Executing query: select * from view_fact_data where data_set='table_yahoo_y_eps_est_body' AND ticker='BHI' AND fiscalyear=2010
UF4:select * from view_fact_data where data_set='table_yahoo_y_eps_est_body' AND ticker='BHI' AND fiscalyear=2010
UF3:Executing query: select count(*) from eps_est where ticker='BHI' AND fiscalyear=2010
UF4:select count(*) from eps_est where ticker='BHI' AND fiscalyear=2010
UF3:Executing query: select * from eps_est where ticker='BHI' AND fiscalyear=2010
UF4:select * from eps_est where ticker='BHI' AND fiscalyear=2010
UF3:Executing query: select count(*) from view_fact_data where data_set='table_yahoo_y_eps_est_body' AND ticker='BLL' AND fiscalyear=2010
UF4:select count(*) from view_fact_data where data_set='table_yahoo_y_eps_est_body' AND ticker='BLL' AND fiscalyear=2010
UF3:Executing query: select * from view_fact_data where data_set='table_yahoo_y_eps_est_body' AND ticker='BLL' AND fiscalyear=2010
UF4:select * from view_fact_data where data_set='table_yahoo_y_eps_est_body' AND ticker='BLL' AND fiscalyear=2010
UF3:Executing query: select count(*) from eps_est where ticker='BLL' AND fiscalyear=2010
UF4:select count(*) from eps_est where ticker='BLL' AND fiscalyear=2010
UF3:Executing query: select * from eps_est where ticker='BLL' AND fiscalyear=2010
UF4:select * from eps_est where ticker='BLL' AND fiscalyear=2010
UF3:Executing query: select count(*) from view_fact_data where data_set='table_yahoo_y_eps_est_body' AND ticker='BK' AND fiscalyear=2010
UF4:select count(*) from view_fact_data where data_set='table_yahoo_y_eps_est_body' AND ticker='BK' AND fiscalyear=2010
UF3:Executing query: select * from view_fact_data where data_set='table_yahoo_y_eps_est_body' AND ticker='BK' AND fiscalyear=2010
UF4:select * from view_fact_data where data_set='table_yahoo_y_eps_est_body' AND ticker='BK' AND fiscalyear=2010
UF3:Executing query: select count(*) from eps_est where ticker='BK' AND fiscalyear=2010
UF4:select count(*) from eps_est where ticker='BK' AND fiscalyear=2010
UF3:Executing query: select * from eps_est where ticker='BK' AND fiscalyear=2010
UF4:select * from eps_est where ticker='BK' AND fiscalyear=2010
UF3:Executing query: select count(*) from view_fact_data where data_set='table_yahoo_y_eps_est_body' AND ticker='BCR' AND fiscalyear=2010
UF4:select count(*) from view_fact_data where data_set='table_yahoo_y_eps_est_body' AND ticker='BCR' AND fiscalyear=2010
UF3:Executing query: select * from view_fact_data where data_set='table_yahoo_y_eps_est_body' AND ticker='BCR' AND fiscalyear=2010
UF4:select * from view_fact_data where data_set='table_yahoo_y_eps_est_body' AND ticker='BCR' AND fiscalyear=2010
UF3:Executing query: select count(*) from eps_est where ticker='BCR' AND fiscalyear=2010
UF4:select count(*) from eps_est where ticker='BCR' AND fiscalyear=2010
